Release 14.7 - xst P.20131013 (lin64)
Copyright (c) 1995-2013 Xilinx, Inc.  All rights reserved.
--> 
Parameter TMPDIR set to tmpdir


Total REAL time to Xst completion: 0.00 secs
Total CPU time to Xst completion: 0.04 secs
 
--> 

TABLE OF CONTENTS
  1) Synthesis Options Summary
  2) HDL Parsing
  3) HDL Elaboration
  4) HDL Synthesis
       4.1) HDL Synthesis Report
  5) Advanced HDL Synthesis
       5.1) Advanced HDL Synthesis Report
  6) Low Level Synthesis
  7) Partition Report
  8) Design Summary
       8.1) Primitive and Black Box Usage
       8.2) Device utilization summary
       8.3) Partition Resource Summary
       8.4) Timing Report
            8.4.1) Clock Information
            8.4.2) Asynchronous Control Signals Information
            8.4.3) Timing Summary
            8.4.4) Timing Details
            8.4.5) Cross Clock Domains Report


=========================================================================
*                      Synthesis Options Summary                        *
=========================================================================
---- Source Parameters
Input File Name                    : "design.prj"

---- Target Parameters
Output File Name                   : "design.ngc"
Target Device                      : xc6slx16-3-csg324

---- Source Options
Top Module Name                    : VGA_lab

=========================================================================

WARNING:Xst:29 - Optimization Effort not specified
The following parameters have been added:
Optimization Goal                  : SPEED

=========================================================================

=========================================================================
*                          HDL Parsing                                  *
=========================================================================
Parsing VHDL file "/home/jensa682/docs/uprogCPU/VGA_MOTOR/VGA_lab.vhd" into library work
Parsing entity <VGA_lab>.
Parsing architecture <Behavioral> of entity <vga_lab>.
Parsing VHDL file "/home/jensa682/docs/uprogCPU/VGA_MOTOR/VGA_MOTOR.vhd" into library work
Parsing entity <VGA_MOTOR>.
Parsing architecture <Behavioral> of entity <vga_motor>.
Parsing VHDL file "/home/jensa682/docs/uprogCPU/VGA_MOTOR/CHAR_ROM.vhd" into library work
Parsing entity <CHAR_ROM>.
Parsing architecture <Behavioral> of entity <char_rom>.
Parsing VHDL file "/home/jensa682/docs/uprogCPU/VGA_MOTOR/VIDEO_RAM.vhd" into library work
Parsing entity <VIDEO_RAM>.
Parsing architecture <Behavioral> of entity <video_ram>.

=========================================================================
*                            HDL Elaboration                            *
=========================================================================

Elaborating entity <VGA_lab> (architecture <Behavioral>) from library <work>.

Elaborating entity <VIDEO_RAM> (architecture <Behavioral>) from library <work>.

Elaborating entity <VGA_MOTOR> (architecture <Behavioral>) from library <work>.

Elaborating entity <CHAR_ROM> (architecture <Behavioral>) from library <work>.

=========================================================================
*                           HDL Synthesis                               *
=========================================================================

Synthesizing Unit <VGA_lab>.
    Related source file is "/home/jensa682/docs/uprogCPU/VGA_MOTOR/VGA_lab.vhd".
INFO:Xst:3210 - "/home/jensa682/docs/uprogCPU/VGA_MOTOR/VGA_lab.vhd" line 81: Output port <data_out1> of the instance <U1> is unconnected or connected to loadless signal.
    Summary:
	no macro.
Unit <VGA_lab> synthesized.

Synthesizing Unit <VIDEO_RAM>.
    Related source file is "/home/jensa682/docs/uprogCPU/VGA_MOTOR/VIDEO_RAM.vhd".
    Found 2048x8-bit dual-port RAM <Mram_VideoRAM> for signal <VideoRAM>.
    Found 8-bit register for signal <data_out2>.
    Found 8-bit register for signal <data_out1>.
    Summary:
	inferred   1 RAM(s).
	inferred  16 D-type flip-flop(s).
Unit <VIDEO_RAM> synthesized.

Synthesizing Unit <VGA_MOTOR>.
    Related source file is "/home/jensa682/docs/uprogCPU/VGA_MOTOR/VGA_MOTOR.vhd".
WARNING:Xst:647 - Input <VR_data<7:5>> is never used. This port will be preserved and left unconnected if it belongs to a top-level block or it belongs to a sub-block and the hierarchy of this sub-block is preserved.
    Found 10-bit register for signal <Xpixel1>.
    Found 10-bit register for signal <Ypixel1>.
    Found 1-bit register for signal <blank2>.
    Found 1-bit register for signal <Hsync2>.
    Found 1-bit register for signal <Vsync2>.
    Found 3-bit register for signal <Xpixel2<4:2>>.
    Found 3-bit register for signal <Ypixel2<4:2>>.
    Found 1-bit register for signal <Hsync>.
    Found 1-bit register for signal <Vsync>.
    Found 1-bit register for signal <blank>.
    Found 2-bit register for signal <ClkDiv>.
    Found 2-bit adder for signal <ClkDiv[1]_GND_35_o_add_0_OUT> created at line 1241.
    Found 10-bit adder for signal <Xpixel1[9]_GND_35_o_add_5_OUT> created at line 1241.
    Found 10-bit adder for signal <Ypixel1[9]_GND_35_o_add_14_OUT> created at line 1241.
    Found 11-bit adder for signal <VR_addr> created at line 171.
    Found 5x4-bit multiplier for signal <PWR_6_o_Ypixel1[8]_MuLt_38_OUT> created at line 171.
    Found 10-bit comparator greater for signal <PWR_6_o_Xpixel1[9]_LessThan_11_o> created at line 117
    Found 10-bit comparator greater for signal <Xpixel1[9]_PWR_6_o_LessThan_12_o> created at line 117
    Found 10-bit comparator greater for signal <GND_35_o_Ypixel1[9]_LessThan_21_o> created at line 152
    Found 10-bit comparator greater for signal <Ypixel1[9]_GND_35_o_LessThan_22_o> created at line 152
    Found 10-bit comparator greater for signal <GND_35_o_Ypixel1[9]_LessThan_23_o> created at line 163
    Found 10-bit comparator greater for signal <Ypixel1[9]_GND_35_o_LessThan_24_o> created at line 163
    Found 10-bit comparator greater for signal <Xpixel1[9]_PWR_6_o_LessThan_25_o> created at line 163
    Found 10-bit comparator greater for signal <PWR_6_o_Xpixel1[9]_LessThan_26_o> created at line 163
    Found 10-bit comparator greater for signal <GND_35_o_Ypixel1[9]_LessThan_27_o> created at line 164
    Found 10-bit comparator greater for signal <Ypixel1[9]_PWR_6_o_LessThan_28_o> created at line 164
    Found 10-bit comparator greater for signal <PWR_6_o_Xpixel1[9]_LessThan_31_o> created at line 165
    Found 10-bit comparator greater for signal <Xpixel1[9]_PWR_6_o_LessThan_36_o> created at line 166
    Summary:
	inferred   1 Multiplier(s).
	inferred   4 Adder/Subtractor(s).
	inferred  34 D-type flip-flop(s).
	inferred  12 Comparator(s).
	inferred   3 Multiplexer(s).
Unit <VGA_MOTOR> synthesized.

Synthesizing Unit <CHAR_ROM>.
    Related source file is "/home/jensa682/docs/uprogCPU/VGA_MOTOR/CHAR_ROM.vhd".
    Found 8-bit register for signal <data>.
    Found 2048x8-bit Read Only RAM for signal <addr[10]_ROM_DATA[2047][7]_wide_mux_0_OUT>
    Summary:
	inferred   1 RAM(s).
	inferred   8 D-type flip-flop(s).
Unit <CHAR_ROM> synthesized.

=========================================================================
HDL Synthesis Report

Macro Statistics
# RAMs                                                 : 2
 2048x8-bit dual-port RAM                              : 1
 2048x8-bit single-port Read Only RAM                  : 1
# Multipliers                                          : 1
 5x4-bit multiplier                                    : 1
# Adders/Subtractors                                   : 4
 10-bit adder                                          : 2
 11-bit adder                                          : 1
 2-bit adder                                           : 1
# Registers                                            : 14
 1-bit register                                        : 6
 10-bit register                                       : 2
 2-bit register                                        : 1
 3-bit register                                        : 2
 8-bit register                                        : 3
# Comparators                                          : 12
 10-bit comparator greater                             : 12
# Multiplexers                                         : 3
 2-bit 2-to-1 multiplexer                              : 1
 3-bit 2-to-1 multiplexer                              : 2

=========================================================================

=========================================================================
*                       Advanced HDL Synthesis                          *
=========================================================================


Synthesizing (advanced) Unit <CHAR_ROM>.
INFO:Xst:3226 - The RAM <Mram_addr[10]_ROM_DATA[2047][7]_wide_mux_0_OUT> will be implemented as a BLOCK RAM, absorbing the following register(s): <data>
    -----------------------------------------------------------------------
    | ram_type           | Block                               |          |
    -----------------------------------------------------------------------
    | Port A                                                              |
    |     aspect ratio   | 2048-word x 8-bit                   |          |
    |     mode           | write-first                         |          |
    |     clkA           | connected to signal <clk>           | rise     |
    |     weA            | connected to signal <GND>           | high     |
    |     addrA          | connected to signal <addr>          |          |
    |     diA            | connected to signal <GND>           |          |
    |     doA            | connected to signal <data>          |          |
    -----------------------------------------------------------------------
    | optimization       | speed                               |          |
    -----------------------------------------------------------------------
Unit <CHAR_ROM> synthesized (advanced).

Synthesizing (advanced) Unit <VGA_MOTOR>.
The following registers are absorbed into counter <ClkDiv>: 1 register on signal <ClkDiv>.
The following registers are absorbed into counter <Xpixel1>: 1 register on signal <Xpixel1>.
The following registers are absorbed into counter <Ypixel1>: 1 register on signal <Ypixel1>.
	Multiplier <Mmult_PWR_6_o_Ypixel1[8]_MuLt_38_OUT> in block <VGA_MOTOR> and adder/subtractor <Madd_VR_addr> in block <VGA_MOTOR> are combined into a MAC<Maddsub_PWR_6_o_Ypixel1[8]_MuLt_38_OUT>.
Unit <VGA_MOTOR> synthesized (advanced).

Synthesizing (advanced) Unit <VIDEO_RAM>.
INFO:Xst:3226 - The RAM <Mram_VideoRAM> will be implemented as a BLOCK RAM, absorbing the following register(s): <data_out1> <data_out2>
    -----------------------------------------------------------------------
    | ram_type           | Block                               |          |
    -----------------------------------------------------------------------
    | Port A                                                              |
    |     aspect ratio   | 2048-word x 8-bit                   |          |
    |     mode           | write-first                         |          |
    |     clkA           | connected to signal <clk>           | rise     |
    |     weA            | connected to signal <GND>           | high     |
    |     addrA          | connected to signal <GND>           |          |
    |     diA            | connected to signal <GND>           |          |
    |     doA            | connected to signal <data_out1>     |          |
    -----------------------------------------------------------------------
    | optimization       | speed                               |          |
    -----------------------------------------------------------------------
    | Port B                                                              |
    |     aspect ratio   | 2048-word x 8-bit                   |          |
    |     mode           | write-first                         |          |
    |     clkB           | connected to signal <clk>           | rise     |
    |     weB            | connected to signal <GND>           | high     |
    |     addrB          | connected to signal <addr2>         |          |
    |     diB            | connected to signal <GND>           |          |
    |     doB            | connected to signal <data_out2>     |          |
    -----------------------------------------------------------------------
    | optimization       | speed                               |          |
    -----------------------------------------------------------------------
Unit <VIDEO_RAM> synthesized (advanced).

=========================================================================
Advanced HDL Synthesis Report

Macro Statistics
# RAMs                                                 : 2
 2048x8-bit dual-port block RAM                        : 1
 2048x8-bit single-port block Read Only RAM            : 1
# MACs                                                 : 1
 5x4-to-11-bit MAC                                     : 1
# Counters                                             : 3
 10-bit up counter                                     : 2
 2-bit up counter                                      : 1
# Registers                                            : 12
 Flip-Flops                                            : 12
# Comparators                                          : 12
 10-bit comparator greater                             : 12
# Multiplexers                                         : 3
 2-bit 2-to-1 multiplexer                              : 1
 3-bit 2-to-1 multiplexer                              : 2

=========================================================================

=========================================================================
*                         Low Level Synthesis                           *
=========================================================================

Optimizing unit <VGA_lab> ...

Optimizing unit <VGA_MOTOR> ...

Mapping all equations...
Building and optimizing final netlist ...
Found area constraint ratio of 100 (+ 0) on block VGA_lab, actual ratio is 0.

Final Macro Processing ...

=========================================================================
Final Register Report

Macro Statistics
# Registers                                            : 34
 Flip-Flops                                            : 34

=========================================================================

=========================================================================
*                           Partition Report                            *
=========================================================================

Partition Implementation Status
-------------------------------

  No Partitions were found in this design.

-------------------------------

=========================================================================
*                            Design Summary                             *
=========================================================================

Top Level Output File Name         : design.ngc

Primitive and Black Box Usage:
------------------------------
# BELS                             : 138
#      GND                         : 1
#      INV                         : 3
#      LUT1                        : 20
#      LUT2                        : 17
#      LUT3                        : 5
#      LUT4                        : 18
#      LUT5                        : 13
#      LUT6                        : 14
#      MUXCY                       : 22
#      VCC                         : 1
#      XORCY                       : 24
# FlipFlops/Latches                : 34
#      FD                          : 30
#      FDR                         : 4
# RAMS                             : 2
#      RAMB16BWER                  : 2
# Clock Buffers                    : 1
#      BUFGP                       : 1
# IO Buffers                       : 11
#      IBUF                        : 1
#      OBUF                        : 10

Device utilization summary:
---------------------------

Selected Device : 6slx16csg324-3 


Slice Logic Utilization: 
 Number of Slice Registers:              34  out of  18224     0%  
 Number of Slice LUTs:                   90  out of   9112     0%  
    Number used as Logic:                90  out of   9112     0%  

Slice Logic Distribution: 
 Number of LUT Flip Flop pairs used:     99
   Number with an unused Flip Flop:      65  out of     99    65%  
   Number with an unused LUT:             9  out of     99     9%  
   Number of fully used LUT-FF pairs:    25  out of     99    25%  
   Number of unique control sets:         4

IO Utilization: 
 Number of IOs:                          12
 Number of bonded IOBs:                  12  out of    232     5%  

Specific Feature Utilization:
 Number of Block RAM/FIFO:                2  out of     32     6%  
    Number using Block RAM only:          2
 Number of BUFG/BUFGCTRLs:                1  out of     16     6%  

---------------------------
Partition Resource Summary:
---------------------------

  No Partitions were found in this design.

---------------------------


=========================================================================
Timing Report

NOTE: THESE TIMING NUMBERS ARE ONLY A SYNTHESIS ESTIMATE.
      FOR ACCURATE TIMING INFORMATION PLEASE REFER TO THE TRACE REPORT
      GENERATED AFTER PLACE-and-ROUTE.

Clock Information:
------------------
-----------------------------------+------------------------+-------+
Clock Signal                       | Clock buffer(FF name)  | Load  |
-----------------------------------+------------------------+-------+
clk                                | BUFGP                  | 36    |
-----------------------------------+------------------------+-------+

Asynchronous Control Signals Information:
----------------------------------------
No asynchronous control signals found in this design

Timing Summary:
---------------
Speed Grade: -3

   Minimum period: 5.004ns (Maximum Frequency: 199.824MHz)
   Minimum input arrival time before clock: 3.886ns
   Maximum output required time after clock: 5.785ns
   Maximum combinational path delay: No path found

Timing Details:
---------------
All values displayed in nanoseconds (ns)

=========================================================================
Timing constraint: Default period analysis for Clock 'clk'
  Clock period: 5.004ns (frequency: 199.824MHz)
  Total number of paths / destination ports: 859 / 55
-------------------------------------------------------------------------
Delay:               5.004ns (Levels of Logic = 4)
  Source:            U2/Xpixel1_5 (FF)
  Destination:       U2/Ypixel1_0 (FF)
  Source Clock:      clk rising
  Destination Clock: clk rising

  Data Path: U2/Xpixel1_5 to U2/Ypixel1_0
                                Gate     Net
    Cell:in->out      fanout   Delay   Delay  Logical Name (Net Name)
    ----------------------------------------  ------------
     FD:C->Q               8   0.447   1.050  U2/Xpixel1_5 (U2/Xpixel1_5)
     LUT4:I0->O            2   0.203   0.617  U2/Mcount_Ypixel1_val111 (U2/Mcount_Ypixel1_val11)
     LUT6:I5->O           21   0.205   1.114  U2/Mcount_Ypixel1_val1 (U2/Mcount_Ypixel1_val1)
     LUT6:I5->O           10   0.205   0.857  U2/Mcount_Ypixel1_val (U2/Mcount_Ypixel1_val)
     LUT4:I3->O            1   0.205   0.000  U2/Ypixel1_0_rstpot (U2/Ypixel1_0_rstpot)
     FD:D                      0.102          U2/Ypixel1_0
    ----------------------------------------
    Total                      5.004ns (1.367ns logic, 3.637ns route)
                                       (27.3% logic, 72.7% route)

=========================================================================
Timing constraint: Default OFFSET IN BEFORE for Clock 'clk'
  Total number of paths / destination ports: 22 / 22
-------------------------------------------------------------------------
Offset:              3.886ns (Levels of Logic = 3)
  Source:            rst (PAD)
  Destination:       U2/Ypixel1_0 (FF)
  Destination Clock: clk rising

  Data Path: rst to U2/Ypixel1_0
                                Gate     Net
    Cell:in->out      fanout   Delay   Delay  Logical Name (Net Name)
    ----------------------------------------  ------------
     IBUF:I->O            13   1.222   1.297  rst_IBUF (rst_IBUF)
     LUT6:I0->O           10   0.203   0.857  U2/Mcount_Ypixel1_val (U2/Mcount_Ypixel1_val)
     LUT4:I3->O            1   0.205   0.000  U2/Ypixel1_0_rstpot (U2/Ypixel1_0_rstpot)
     FD:D                      0.102          U2/Ypixel1_0
    ----------------------------------------
    Total                      3.886ns (1.732ns logic, 2.154ns route)
                                       (44.6% logic, 55.4% route)

=========================================================================
Timing constraint: Default OFFSET OUT AFTER for Clock 'clk'
  Total number of paths / destination ports: 18 / 10
-------------------------------------------------------------------------
Offset:              5.785ns (Levels of Logic = 2)
  Source:            U2_U0b/Mram_addr[10]_ROM_DATA[2047][7]_wide_mux_0_OUT (RAM)
  Destination:       vgaRed<2> (PAD)
  Source Clock:      clk rising

  Data Path: U2_U0b/Mram_addr[10]_ROM_DATA[2047][7]_wide_mux_0_OUT to vgaRed<2>
                                Gate     Net
    Cell:in->out      fanout   Delay   Delay  Logical Name (Net Name)
    ----------------------------------------  ------------
     RAMB16BWER:CLKA->DOA7    1   1.850   0.580  U2_U0b/Mram_addr[10]_ROM_DATA[2047][7]_wide_mux_0_OUT (U2/CR_data<7>)
     LUT2:I1->O            1   0.205   0.579  U2/Mmux_vgaRed31 (vgaRed_2_OBUF)
     OBUF:I->O                 2.571          vgaRed_2_OBUF (vgaRed<2>)
    ----------------------------------------
    Total                      5.785ns (4.626ns logic, 1.159ns route)
                                       (80.0% logic, 20.0% route)

=========================================================================

Cross Clock Domains Report:
--------------------------

Clock to Setup on destination clock clk
---------------+---------+---------+---------+---------+
               | Src:Rise| Src:Fall| Src:Rise| Src:Fall|
Source Clock   |Dest:Rise|Dest:Rise|Dest:Fall|Dest:Fall|
---------------+---------+---------+---------+---------+
clk            |    5.004|         |         |         |
---------------+---------+---------+---------+---------+

=========================================================================


Total REAL time to Xst completion: 5.00 secs
Total CPU time to Xst completion: 4.45 secs
 
--> 


Total memory usage is 501288 kilobytes

Number of errors   :    0 (   0 filtered)
Number of warnings :    2 (   0 filtered)
Number of infos    :    3 (   0 filtered)

