Release 14.7 - xst P.20131013 (lin64)
Copyright (c) 1995-2013 Xilinx, Inc.  All rights reserved.
--> 
Parameter TMPDIR set to tmpdir


Total REAL time to Xst completion: 0.00 secs
Total CPU time to Xst completion: 0.04 secs
 
--> 

TABLE OF CONTENTS
  1) Synthesis Options Summary
  2) HDL Parsing
  3) HDL Elaboration
  4) HDL Synthesis
       4.1) HDL Synthesis Report
  5) Advanced HDL Synthesis
       5.1) Advanced HDL Synthesis Report
  6) Low Level Synthesis
  7) Partition Report
  8) Design Summary
       8.1) Primitive and Black Box Usage
       8.2) Device utilization summary
       8.3) Partition Resource Summary
       8.4) Timing Report
            8.4.1) Clock Information
            8.4.2) Asynchronous Control Signals Information
            8.4.3) Timing Summary
            8.4.4) Timing Details
            8.4.5) Cross Clock Domains Report


=========================================================================
*                      Synthesis Options Summary                        *
=========================================================================
---- Source Parameters
Input File Name                    : "design.prj"

---- Target Parameters
Output File Name                   : "design.ngc"
Target Device                      : xc6slx16-3-csg324

---- Source Options
Top Module Name                    : VGA_lab

=========================================================================

WARNING:Xst:29 - Optimization Effort not specified
The following parameters have been added:
Optimization Goal                  : SPEED

=========================================================================

=========================================================================
*                          HDL Parsing                                  *
=========================================================================
Parsing VHDL file "/home/eliry213/docs/uprogCPU/VGA_lab_v2/VGA_lab.vhd" into library work
Parsing entity <VGA_lab>.
Parsing architecture <Behavioral> of entity <vga_lab>.
Parsing VHDL file "/home/eliry213/docs/uprogCPU/VGA_lab_v2/KBD_ENC.vhd" into library work
Parsing entity <KBD_ENC>.
Parsing architecture <behavioral> of entity <kbd_enc>.
Parsing VHDL file "/home/eliry213/docs/uprogCPU/VGA_lab_v2/PRET_CPU.vhd" into library work
Parsing entity <PRET_CPU>.
Parsing architecture <behavioral> of entity <pret_cpu>.
Parsing VHDL file "/home/eliry213/docs/uprogCPU/VGA_lab_v2/VIDEO_RAM.vhd" into library work
Parsing entity <VIDEO_RAM>.
Parsing architecture <Behavioral> of entity <video_ram>.
Parsing VHDL file "/home/eliry213/docs/uprogCPU/VGA_lab_v2/VGA_MOTOR/VGA_MOTOR.vhd" into library work
Parsing entity <VGA_MOTOR>.
Parsing architecture <Behavioral> of entity <vga_motor>.
Parsing VHDL file "/home/eliry213/docs/uprogCPU/VGA_lab_v2/VGA_MOTOR/CHAR_ROM.vhd" into library work
Parsing entity <CHAR_ROM>.
Parsing architecture <Behavioral> of entity <char_rom>.
Parsing VHDL file "/home/eliry213/docs/uprogCPU/VGA_lab_v2/dMem.vhd" into library work
Parsing entity <dMem>.
Parsing architecture <Behavioral> of entity <dmem>.

=========================================================================
*                            HDL Elaboration                            *
=========================================================================

Elaborating entity <VGA_lab> (architecture <Behavioral>) from library <work>.

Elaborating entity <KBD_ENC> (architecture <behavioral>) from library <work>.

Elaborating entity <PRET_CPU> (architecture <behavioral>) from library <work>.
INFO:HDLCompiler:679 - "/home/eliry213/docs/uprogCPU/VGA_lab_v2/PRET_CPU.vhd" Line 174. Case statement is complete. others clause is never selected

Elaborating entity <VIDEO_RAM> (architecture <Behavioral>) from library <work>.

Elaborating entity <dMem> (architecture <Behavioral>) from library <work>.

Elaborating entity <VGA_MOTOR> (architecture <Behavioral>) from library <work>.

Elaborating entity <CHAR_ROM> (architecture <Behavioral>) from library <work>.

=========================================================================
*                           HDL Synthesis                               *
=========================================================================

Synthesizing Unit <VGA_lab>.
    Related source file is "/home/eliry213/docs/uprogCPU/VGA_lab_v2/VGA_lab.vhd".
INFO:Xst:3210 - "/home/eliry213/docs/uprogCPU/VGA_lab_v2/VGA_lab.vhd" line 106: Output port <data_out1> of the instance <U2> is unconnected or connected to loadless signal.
    Summary:
	no macro.
Unit <VGA_lab> synthesized.

Synthesizing Unit <KBD_ENC>.
    Related source file is "/home/eliry213/docs/uprogCPU/VGA_lab_v2/KBD_ENC.vhd".
    Found 1-bit register for signal <PS2Data>.
    Found 1-bit register for signal <PS2Clk_Q1>.
    Found 1-bit register for signal <PS2Clk_Q2>.
    Found 11-bit register for signal <PS2Data_sr>.
    Found 4-bit register for signal <PS2BitCounter>.
    Found 2-bit register for signal <PS2state>.
    Found 1-bit register for signal <PS2Clk>.
    Found finite state machine <FSM_0> for signal <PS2state>.
    -----------------------------------------------------------------------
    | States             | 3                                              |
    | Transitions        | 6                                              |
    | Inputs             | 2                                              |
    | Outputs            | 1                                              |
    | Clock              | clk (rising_edge)                              |
    | Power Up State     | idle                                           |
    | Encoding           | auto                                           |
    | Implementation     | LUT                                            |
    -----------------------------------------------------------------------
    Found 4-bit adder for signal <PS2BitCounter[3]_GND_5_o_add_6_OUT> created at line 1241.
    Summary:
	inferred   1 Adder/Subtractor(s).
	inferred  19 D-type flip-flop(s).
	inferred   1 Multiplexer(s).
	inferred   1 Finite State Machine(s).
Unit <KBD_ENC> synthesized.

Synthesizing Unit <PRET_CPU>.
    Related source file is "/home/eliry213/docs/uprogCPU/VGA_lab_v2/PRET_CPU.vhd".
    Found 5-bit register for signal <curposY>.
    Found 2-bit register for signal <WRstate>.
    Found 6-bit register for signal <curposX>.
    Found finite state machine <FSM_1> for signal <WRstate>.
    -----------------------------------------------------------------------
    | States             | 3                                              |
    | Transitions        | 4                                              |
    | Inputs             | 1                                              |
    | Outputs            | 3                                              |
    | Clock              | clk (rising_edge)                              |
    | Reset              | rst (positive)                                 |
    | Reset type         | synchronous                                    |
    | Reset State        | standby                                        |
    | Power Up State     | standby                                        |
    | Encoding           | auto                                           |
    | Implementation     | LUT                                            |
    -----------------------------------------------------------------------
    Found 6-bit adder for signal <curposX[5]_GND_6_o_add_39_OUT> created at line 1241.
    Found 5-bit adder for signal <curposY[4]_GND_6_o_add_67_OUT> created at line 1241.
    Found 11-bit adder for signal <addr> created at line 189.
    Found 6-bit subtractor for signal <GND_6_o_GND_6_o_sub_44_OUT<5:0>> created at line 1308.
    Found 5-bit subtractor for signal <GND_6_o_GND_6_o_sub_63_OUT<4:0>> created at line 1308.
    Found 5x5-bit multiplier for signal <PWR_6_o_curposY[4]_MuLt_80_OUT> created at line 189.
    Summary:
	inferred   1 Multiplier(s).
	inferred   4 Adder/Subtractor(s).
	inferred  11 D-type flip-flop(s).
	inferred  12 Multiplexer(s).
	inferred   1 Finite State Machine(s).
Unit <PRET_CPU> synthesized.

Synthesizing Unit <VIDEO_RAM>.
    Related source file is "/home/eliry213/docs/uprogCPU/VGA_lab_v2/VIDEO_RAM.vhd".
WARNING:Xst:647 - Input <data_in1> is never used. This port will be preserved and left unconnected if it belongs to a top-level block or it belongs to a sub-block and the hierarchy of this sub-block is preserved.
WARNING:Xst:647 - Input <addr1> is never used. This port will be preserved and left unconnected if it belongs to a top-level block or it belongs to a sub-block and the hierarchy of this sub-block is preserved.
WARNING:Xst:647 - Input <data_in2> is never used. This port will be preserved and left unconnected if it belongs to a top-level block or it belongs to a sub-block and the hierarchy of this sub-block is preserved.
WARNING:Xst:647 - Input <we1> is never used. This port will be preserved and left unconnected if it belongs to a top-level block or it belongs to a sub-block and the hierarchy of this sub-block is preserved.
WARNING:Xst:647 - Input <we2> is never used. This port will be preserved and left unconnected if it belongs to a top-level block or it belongs to a sub-block and the hierarchy of this sub-block is preserved.
    Found 2048x8-bit dual-port RAM <Mram_VideoRAM> for signal <VideoRAM>.
    Found 8-bit register for signal <data_out1>.
    Found 8-bit register for signal <data_out2>.
    Found 4-bit register for signal <addr>.
    Found 4-bit adder for signal <addr[3]_GND_8_o_add_0_OUT> created at line 1241.
    Found 11-bit adder for signal <framePlace> created at line 67.
    Found 4x5-bit multiplier for signal <data[5]_PWR_9_o_MuLt_4_OUT> created at line 1399.
    Summary:
	inferred   1 RAM(s).
	inferred   1 Multiplier(s).
	inferred   2 Adder/Subtractor(s).
	inferred  20 D-type flip-flop(s).
Unit <VIDEO_RAM> synthesized.

Synthesizing Unit <dMem>.
    Related source file is "/home/eliry213/docs/uprogCPU/VGA_lab_v2/dMem.vhd".
WARNING:Xst:647 - Input <dAddr<3:3>> is never used. This port will be preserved and left unconnected if it belongs to a top-level block or it belongs to a sub-block and the hierarchy of this sub-block is preserved.
WARNING:Xst:2999 - Signal 'd_mem', unconnected in block 'dMem', is tied to its initial value.
WARNING:Xst:3035 - Index value(s) does not match array range for signal <d_mem>, simulation mismatch.
    Found 7x11-bit single-port Read Only RAM <Mram_d_mem> for signal <d_mem>.
    Summary:
	inferred   1 RAM(s).
Unit <dMem> synthesized.

Synthesizing Unit <VGA_MOTOR>.
    Related source file is "/home/eliry213/docs/uprogCPU/VGA_lab_v2/VGA_MOTOR/VGA_MOTOR.vhd".
WARNING:Xst:647 - Input <VR_data<7:5>> is never used. This port will be preserved and left unconnected if it belongs to a top-level block or it belongs to a sub-block and the hierarchy of this sub-block is preserved.
    Found 10-bit register for signal <Xpixel1>.
    Found 10-bit register for signal <Ypixel1>.
    Found 1-bit register for signal <blank2>.
    Found 1-bit register for signal <Hsync2>.
    Found 1-bit register for signal <Vsync2>.
    Found 3-bit register for signal <Xpixel2<4:2>>.
    Found 3-bit register for signal <Ypixel2<4:2>>.
    Found 1-bit register for signal <Hsync>.
    Found 1-bit register for signal <Vsync>.
    Found 1-bit register for signal <blank>.
    Found 2-bit register for signal <ClkDiv>.
    Found 2-bit adder for signal <ClkDiv[1]_GND_20_o_add_0_OUT> created at line 1241.
    Found 10-bit adder for signal <Xpixel1[9]_GND_20_o_add_5_OUT> created at line 1241.
    Found 10-bit adder for signal <Ypixel1[9]_GND_20_o_add_14_OUT> created at line 1241.
    Found 11-bit adder for signal <VR_addr> created at line 171.
    Found 5x4-bit multiplier for signal <PWR_11_o_Ypixel1[8]_MuLt_38_OUT> created at line 171.
    Found 10-bit comparator greater for signal <PWR_11_o_Xpixel1[9]_LessThan_11_o> created at line 117
    Found 10-bit comparator greater for signal <Xpixel1[9]_PWR_11_o_LessThan_12_o> created at line 117
    Found 10-bit comparator greater for signal <GND_20_o_Ypixel1[9]_LessThan_21_o> created at line 152
    Found 10-bit comparator greater for signal <Ypixel1[9]_GND_20_o_LessThan_22_o> created at line 152
    Found 10-bit comparator greater for signal <GND_20_o_Ypixel1[9]_LessThan_23_o> created at line 163
    Found 10-bit comparator greater for signal <Ypixel1[9]_GND_20_o_LessThan_24_o> created at line 163
    Found 10-bit comparator greater for signal <Xpixel1[9]_PWR_11_o_LessThan_25_o> created at line 163
    Found 10-bit comparator greater for signal <PWR_11_o_Xpixel1[9]_LessThan_26_o> created at line 163
    Found 10-bit comparator greater for signal <GND_20_o_Ypixel1[9]_LessThan_27_o> created at line 164
    Found 10-bit comparator greater for signal <Ypixel1[9]_PWR_11_o_LessThan_28_o> created at line 164
    Found 10-bit comparator greater for signal <PWR_11_o_Xpixel1[9]_LessThan_31_o> created at line 165
    Found 10-bit comparator greater for signal <Xpixel1[9]_PWR_11_o_LessThan_36_o> created at line 166
    Summary:
	inferred   1 Multiplier(s).
	inferred   4 Adder/Subtractor(s).
	inferred  34 D-type flip-flop(s).
	inferred  12 Comparator(s).
	inferred   5 Multiplexer(s).
Unit <VGA_MOTOR> synthesized.

Synthesizing Unit <CHAR_ROM>.
    Related source file is "/home/eliry213/docs/uprogCPU/VGA_lab_v2/VGA_MOTOR/CHAR_ROM.vhd".
WARNING:Xst:647 - Input <addr<10:8>> is never used. This port will be preserved and left unconnected if it belongs to a top-level block or it belongs to a sub-block and the hierarchy of this sub-block is preserved.
    Found 8-bit register for signal <data>.
    Found 256x8-bit Read Only RAM for signal <addr[7]_ROM_DATA[255][7]_wide_mux_0_OUT>
    Summary:
	inferred   1 RAM(s).
	inferred   8 D-type flip-flop(s).
Unit <CHAR_ROM> synthesized.

=========================================================================
HDL Synthesis Report

Macro Statistics
# RAMs                                                 : 3
 2048x8-bit dual-port RAM                              : 1
 256x8-bit single-port Read Only RAM                   : 1
 7x11-bit single-port Read Only RAM                    : 1
# Multipliers                                          : 3
 5x4-bit multiplier                                    : 2
 5x5-bit multiplier                                    : 1
# Adders/Subtractors                                   : 11
 10-bit adder                                          : 2
 11-bit adder                                          : 3
 2-bit adder                                           : 1
 4-bit adder                                           : 2
 5-bit adder                                           : 1
 5-bit subtractor                                      : 1
 6-bit addsub                                          : 1
# Registers                                            : 23
 1-bit register                                        : 10
 10-bit register                                       : 2
 11-bit register                                       : 1
 2-bit register                                        : 1
 3-bit register                                        : 2
 4-bit register                                        : 2
 5-bit register                                        : 1
 6-bit register                                        : 1
 8-bit register                                        : 3
# Comparators                                          : 12
 10-bit comparator greater                             : 12
# Multiplexers                                         : 18
 10-bit 2-to-1 multiplexer                             : 2
 2-bit 2-to-1 multiplexer                              : 1
 3-bit 2-to-1 multiplexer                              : 2
 4-bit 2-to-1 multiplexer                              : 1
 5-bit 2-to-1 multiplexer                              : 4
 6-bit 2-to-1 multiplexer                              : 7
 8-bit 2-to-1 multiplexer                              : 1
# FSMs                                                 : 2

=========================================================================
INFO:Xst:1767 - HDL ADVISOR - Resource sharing has identified that some arithmetic operations in this design can share the same physical resources for reduced device utilization. For improved clock frequency you may try to disable resource sharing.

=========================================================================
*                       Advanced HDL Synthesis                          *
=========================================================================


Synthesizing (advanced) Unit <CHAR_ROM>.
INFO:Xst:3226 - The RAM <Mram_addr[7]_ROM_DATA[255][7]_wide_mux_0_OUT> will be implemented as a BLOCK RAM, absorbing the following register(s): <data>
    -----------------------------------------------------------------------
    | ram_type           | Block                               |          |
    -----------------------------------------------------------------------
    | Port A                                                              |
    |     aspect ratio   | 256-word x 8-bit                    |          |
    |     mode           | write-first                         |          |
    |     clkA           | connected to signal <clk>           | rise     |
    |     weA            | connected to signal <GND>           | high     |
    |     addrA          | connected to signal <addr>          |          |
    |     diA            | connected to signal <GND>           |          |
    |     doA            | connected to signal <data>          |          |
    -----------------------------------------------------------------------
    | optimization       | speed                               |          |
    -----------------------------------------------------------------------
Unit <CHAR_ROM> synthesized (advanced).

Synthesizing (advanced) Unit <KBD_ENC>.
The following registers are absorbed into counter <PS2BitCounter>: 1 register on signal <PS2BitCounter>.
Unit <KBD_ENC> synthesized (advanced).

Synthesizing (advanced) Unit <PRET_CPU>.
	Multiplier <Mmult_PWR_6_o_curposY[4]_MuLt_80_OUT> in block <PRET_CPU> and adder/subtractor <Madd_addr> in block <PRET_CPU> are combined into a MAC<Maddsub_PWR_6_o_curposY[4]_MuLt_80_OUT>.
	The following registers are also absorbed by the MAC: <curposX> in block <PRET_CPU>.
Unit <PRET_CPU> synthesized (advanced).

Synthesizing (advanced) Unit <VGA_MOTOR>.
The following registers are absorbed into counter <ClkDiv>: 1 register on signal <ClkDiv>.
The following registers are absorbed into counter <Xpixel1>: 1 register on signal <Xpixel1>.
The following registers are absorbed into counter <Ypixel1>: 1 register on signal <Ypixel1>.
	Multiplier <Mmult_PWR_11_o_Ypixel1[8]_MuLt_38_OUT> in block <VGA_MOTOR> and adder/subtractor <Madd_VR_addr> in block <VGA_MOTOR> are combined into a MAC<Maddsub_PWR_11_o_Ypixel1[8]_MuLt_38_OUT>.
Unit <VGA_MOTOR> synthesized (advanced).

Synthesizing (advanced) Unit <VIDEO_RAM>.
The following registers are absorbed into counter <addr>: 1 register on signal <addr>.
	Multiplier <Mmult_data[5]_PWR_9_o_MuLt_4_OUT> in block <VIDEO_RAM> and adder/subtractor <Madd_framePlace> in block <VIDEO_RAM> are combined into a MAC<Maddsub_data[5]_PWR_9_o_MuLt_4_OUT>.
INFO:Xst:3226 - The RAM <Mram_VideoRAM> will be implemented as a BLOCK RAM, absorbing the following register(s): <data_out1> <data_out2>
    -----------------------------------------------------------------------
    | ram_type           | Block                               |          |
    -----------------------------------------------------------------------
    | Port A                                                              |
    |     aspect ratio   | 2048-word x 8-bit                   |          |
    |     mode           | read-first                          |          |
    |     clkA           | connected to signal <clk>           | rise     |
    |     weA            | connected to internal node          | low      |
    |     addrA          | connected to signal <framePlace>    |          |
    |     diA            | connected to signal <("000000",data<1:0>)> |          |
    |     doA            | connected to signal <data_out1>     |          |
    -----------------------------------------------------------------------
    | optimization       | speed                               |          |
    -----------------------------------------------------------------------
    | Port B                                                              |
    |     aspect ratio   | 2048-word x 8-bit                   |          |
    |     mode           | write-first                         |          |
    |     clkB           | connected to signal <clk>           | rise     |
    |     addrB          | connected to signal <addr2>         |          |
    |     doB            | connected to signal <data_out2>     |          |
    -----------------------------------------------------------------------
    | optimization       | speed                               |          |
    -----------------------------------------------------------------------
Unit <VIDEO_RAM> synthesized (advanced).

Synthesizing (advanced) Unit <dMem>.
INFO:Xst:3218 - HDL ADVISOR - The RAM <Mram_d_mem> will be implemented on LUTs either because you have described an asynchronous read or because of currently unsupported block RAM features. If you have described an asynchronous read, making it synchronous would allow you to take advantage of available block RAM resources, for optimized device usage and improved timings. Please refer to your documentation for coding guidelines.
    -----------------------------------------------------------------------
    | ram_type           | Distributed                         |          |
    -----------------------------------------------------------------------
    | Port A                                                              |
    |     aspect ratio   | 7-word x 11-bit                     |          |
    |     weA            | connected to signal <GND>           | high     |
    |     addrA          | connected to signal <dAddr>         |          |
    |     diA            | connected to signal <GND>           |          |
    |     doA            | connected to internal node          |          |
    -----------------------------------------------------------------------
Unit <dMem> synthesized (advanced).
WARNING:Xst:2677 - Node <PS2Data_sr_0> of sequential type is unconnected in block <KBD_ENC>.

=========================================================================
Advanced HDL Synthesis Report

Macro Statistics
# RAMs                                                 : 3
 2048x8-bit dual-port block RAM                        : 1
 256x8-bit single-port block Read Only RAM             : 1
 7x11-bit single-port distributed Read Only RAM        : 1
# MACs                                                 : 3
 5x4-to-11-bit MAC                                     : 2
 5x5-to-11-bit MAC                                     : 1
# Adders/Subtractors                                   : 3
 5-bit adder                                           : 1
 5-bit subtractor                                      : 1
 6-bit addsub                                          : 1
# Counters                                             : 5
 10-bit up counter                                     : 2
 2-bit up counter                                      : 1
 4-bit up counter                                      : 2
# Registers                                            : 37
 Flip-Flops                                            : 37
# Comparators                                          : 12
 10-bit comparator greater                             : 12
# Multiplexers                                         : 15
 2-bit 2-to-1 multiplexer                              : 1
 3-bit 2-to-1 multiplexer                              : 2
 5-bit 2-to-1 multiplexer                              : 4
 6-bit 2-to-1 multiplexer                              : 7
 8-bit 2-to-1 multiplexer                              : 1
# FSMs                                                 : 2

=========================================================================

=========================================================================
*                         Low Level Synthesis                           *
=========================================================================
WARNING:Xst:2973 - All outputs of instance <U0> of block <KBD_ENC> are unconnected in block <VGA_lab>. Underlying logic will be removed.
WARNING:Xst:2973 - All outputs of instance <U1> of block <PRET_CPU> are unconnected in block <VGA_lab>. Underlying logic will be removed.
Analyzing FSM <MFsm> for best encoding.
Optimizing FSM <FSM_0> on signal <PS2state[1:2]> with gray encoding.
-------------------
 State | Encoding
-------------------
 idle  | 00
 make  | 11
 break | 01
-------------------
Analyzing FSM <MFsm> for best encoding.
Optimizing FSM <FSM_1> on signal <WRstate[1:2]> with user encoding.
---------------------
 State   | Encoding
---------------------
 standby | 00
 wrindex | 01
 wrcur   | 10
---------------------
WARNING:Xst:1710 - FF/Latch <Maddsub_PWR_6_o_curposY[4]_MuLt_80_OUT1_0> (without init value) has a constant value of 0 in block <PRET_CPU>. This FF/Latch will be trimmed during the optimization process.
WARNING:Xst:2677 - Node <U2/addr_3> of sequential type is unconnected in block <VGA_lab>.
INFO:Xst:2261 - The FF/Latch <curposX_3> in Unit <PRET_CPU> is equivalent to the following FF/Latch, which will be removed : <Maddsub_PWR_6_o_curposY[4]_MuLt_80_OUT1_3> 
INFO:Xst:2261 - The FF/Latch <curposX_4> in Unit <PRET_CPU> is equivalent to the following FF/Latch, which will be removed : <Maddsub_PWR_6_o_curposY[4]_MuLt_80_OUT1_2> 
INFO:Xst:2261 - The FF/Latch <curposX_5> in Unit <PRET_CPU> is equivalent to the following FF/Latch, which will be removed : <Maddsub_PWR_6_o_curposY[4]_MuLt_80_OUT1_1> 
INFO:Xst:2261 - The FF/Latch <curposX_0> in Unit <PRET_CPU> is equivalent to the following FF/Latch, which will be removed : <Maddsub_PWR_6_o_curposY[4]_MuLt_80_OUT1_6> 
INFO:Xst:2261 - The FF/Latch <curposX_1> in Unit <PRET_CPU> is equivalent to the following FF/Latch, which will be removed : <Maddsub_PWR_6_o_curposY[4]_MuLt_80_OUT1_5> 
INFO:Xst:2261 - The FF/Latch <curposX_2> in Unit <PRET_CPU> is equivalent to the following FF/Latch, which will be removed : <Maddsub_PWR_6_o_curposY[4]_MuLt_80_OUT1_4> 

Optimizing unit <VGA_lab> ...

Optimizing unit <KBD_ENC> ...

Optimizing unit <PRET_CPU> ...

Optimizing unit <VGA_MOTOR> ...

Mapping all equations...
Building and optimizing final netlist ...
Found area constraint ratio of 100 (+ 0) on block VGA_lab, actual ratio is 1.

Final Macro Processing ...

=========================================================================
Final Register Report

Macro Statistics
# Registers                                            : 37
 Flip-Flops                                            : 37

=========================================================================

=========================================================================
*                           Partition Report                            *
=========================================================================

Partition Implementation Status
-------------------------------

  No Partitions were found in this design.

-------------------------------

=========================================================================
*                            Design Summary                             *
=========================================================================

Top Level Output File Name         : design.ngc

Primitive and Black Box Usage:
------------------------------
# BELS                             : 147
#      GND                         : 1
#      INV                         : 2
#      LUT1                        : 5
#      LUT2                        : 22
#      LUT3                        : 23
#      LUT4                        : 15
#      LUT5                        : 3
#      LUT6                        : 28
#      MUXCY                       : 23
#      VCC                         : 1
#      XORCY                       : 24
# FlipFlops/Latches                : 37
#      FD                          : 10
#      FDR                         : 7
#      FDRE                        : 20
# RAMS                             : 2
#      RAMB16BWER                  : 1
#      RAMB8BWER                   : 1
# Clock Buffers                    : 1
#      BUFGP                       : 1
# IO Buffers                       : 11
#      IBUF                        : 1
#      OBUF                        : 10

Device utilization summary:
---------------------------

Selected Device : 6slx16csg324-3 


Slice Logic Utilization: 
 Number of Slice Registers:              37  out of  18224     0%  
 Number of Slice LUTs:                   98  out of   9112     1%  
    Number used as Logic:                98  out of   9112     1%  

Slice Logic Distribution: 
 Number of LUT Flip Flop pairs used:    108
   Number with an unused Flip Flop:      71  out of    108    65%  
   Number with an unused LUT:            10  out of    108     9%  
   Number of fully used LUT-FF pairs:    27  out of    108    25%  
   Number of unique control sets:         7

IO Utilization: 
 Number of IOs:                          14
 Number of bonded IOBs:                  12  out of    232     5%  

Specific Feature Utilization:
 Number of Block RAM/FIFO:                2  out of     32     6%  
    Number using Block RAM only:          2
 Number of BUFG/BUFGCTRLs:                1  out of     16     6%  

---------------------------
Partition Resource Summary:
---------------------------

  No Partitions were found in this design.

---------------------------


=========================================================================
Timing Report

NOTE: THESE TIMING NUMBERS ARE ONLY A SYNTHESIS ESTIMATE.
      FOR ACCURATE TIMING INFORMATION PLEASE REFER TO THE TRACE REPORT
      GENERATED AFTER PLACE-and-ROUTE.

Clock Information:
------------------
-----------------------------------+------------------------+-------+
Clock Signal                       | Clock buffer(FF name)  | Load  |
-----------------------------------+------------------------+-------+
clk                                | BUFGP                  | 39    |
-----------------------------------+------------------------+-------+

Asynchronous Control Signals Information:
----------------------------------------
No asynchronous control signals found in this design

Timing Summary:
---------------
Speed Grade: -3

   Minimum period: 4.943ns (Maximum Frequency: 202.327MHz)
   Minimum input arrival time before clock: 2.785ns
   Maximum output required time after clock: 5.687ns
   Maximum combinational path delay: No path found

Timing Details:
---------------
All values displayed in nanoseconds (ns)

=========================================================================
Timing constraint: Default period analysis for Clock 'clk'
  Clock period: 4.943ns (frequency: 202.327MHz)
  Total number of paths / destination ports: 1582 / 92
-------------------------------------------------------------------------
Delay:               4.943ns (Levels of Logic = 9)
  Source:            U3/Ypixel1_5 (FF)
  Destination:       U3/Ypixel1_9 (FF)
  Source Clock:      clk rising
  Destination Clock: clk rising

  Data Path: U3/Ypixel1_5 to U3/Ypixel1_9
                                Gate     Net
    Cell:in->out      fanout   Delay   Delay  Logical Name (Net Name)
    ----------------------------------------  ------------
     FDRE:C->Q            14   0.447   1.186  U3/Ypixel1_5 (U3/Ypixel1_5)
     LUT5:I2->O            5   0.205   0.715  U3/Ypixel1[9]_PWR_11_o_equal_14_o<9>11 (U3/Ypixel1[9]_PWR_11_o_equal_14_o<9>1)
     LUT6:I5->O            4   0.205   0.684  U3/Ypixel1[9]_PWR_11_o_equal_14_o<9>2 (U3/Ypixel1[9]_PWR_11_o_equal_14_o)
     LUT3:I2->O            1   0.205   0.000  U3/Mcount_Ypixel1_lut<5> (U3/Mcount_Ypixel1_lut<5>)
     MUXCY:S->O            1   0.172   0.000  U3/Mcount_Ypixel1_cy<5> (U3/Mcount_Ypixel1_cy<5>)
     MUXCY:CI->O           1   0.019   0.000  U3/Mcount_Ypixel1_cy<6> (U3/Mcount_Ypixel1_cy<6>)
     MUXCY:CI->O           1   0.019   0.000  U3/Mcount_Ypixel1_cy<7> (U3/Mcount_Ypixel1_cy<7>)
     MUXCY:CI->O           0   0.019   0.000  U3/Mcount_Ypixel1_cy<8> (U3/Mcount_Ypixel1_cy<8>)
     XORCY:CI->O           1   0.180   0.580  U3/Mcount_Ypixel1_xor<9> (U3/Mcount_Ypixel19)
     LUT4:I3->O            1   0.205   0.000  U3/Ypixel1_9_dpot (U3/Ypixel1_9_dpot)
     FDRE:D                    0.102          U3/Ypixel1_9
    ----------------------------------------
    Total                      4.943ns (1.778ns logic, 3.164ns route)
                                       (36.0% logic, 64.0% route)

=========================================================================
Timing constraint: Default OFFSET IN BEFORE for Clock 'clk'
  Total number of paths / destination ports: 22 / 22
-------------------------------------------------------------------------
Offset:              2.785ns (Levels of Logic = 1)
  Source:            rst (PAD)
  Destination:       U3/Xpixel1_9 (FF)
  Destination Clock: clk rising

  Data Path: rst to U3/Xpixel1_9
                                Gate     Net
    Cell:in->out      fanout   Delay   Delay  Logical Name (Net Name)
    ----------------------------------------  ------------
     IBUF:I->O            22   1.222   1.133  rst_IBUF (rst_IBUF)
     FDRE:R                    0.430          U3/Ypixel1_0
    ----------------------------------------
    Total                      2.785ns (1.652ns logic, 1.133ns route)
                                       (59.3% logic, 40.7% route)

=========================================================================
Timing constraint: Default OFFSET OUT AFTER for Clock 'clk'
  Total number of paths / destination ports: 18 / 10
-------------------------------------------------------------------------
Offset:              5.687ns (Levels of Logic = 2)
  Source:            U3_U0b/Mram_addr[7]_ROM_DATA[255][7]_wide_mux_0_OUT (RAM)
  Destination:       vgaRed<2> (PAD)
  Source Clock:      clk rising

  Data Path: U3_U0b/Mram_addr[7]_ROM_DATA[255][7]_wide_mux_0_OUT to vgaRed<2>
                                Gate     Net
    Cell:in->out      fanout   Delay   Delay  Logical Name (Net Name)
    ----------------------------------------  ------------
     RAMB8BWER:CLKAWRCLK->DOADO7    1   1.650   0.684  U3_U0b/Mram_addr[7]_ROM_DATA[255][7]_wide_mux_0_OUT (U3/CR_data<7>)
     LUT2:I0->O            1   0.203   0.579  U3/Mmux_vgaRed31 (vgaRed_2_OBUF)
     OBUF:I->O                 2.571          vgaRed_2_OBUF (vgaRed<2>)
    ----------------------------------------
    Total                      5.687ns (4.424ns logic, 1.263ns route)
                                       (77.8% logic, 22.2% route)

=========================================================================

Cross Clock Domains Report:
--------------------------

Clock to Setup on destination clock clk
---------------+---------+---------+---------+---------+
               | Src:Rise| Src:Fall| Src:Rise| Src:Fall|
Source Clock   |Dest:Rise|Dest:Rise|Dest:Fall|Dest:Fall|
---------------+---------+---------+---------+---------+
clk            |    4.943|         |         |         |
---------------+---------+---------+---------+---------+

=========================================================================


Total REAL time to Xst completion: 4.00 secs
Total CPU time to Xst completion: 3.91 secs
 
--> 


Total memory usage is 491032 kilobytes

Number of errors   :    0 (   0 filtered)
Number of warnings :   16 (   0 filtered)
Number of infos    :   11 (   0 filtered)

